-------------------------------------------------------------------------------
Test set: astdea.logic.Test_mapping
-------------------------------------------------------------------------------
Tests run: 3, Failures: 3, Errors: 0, Skipped: 0, Time elapsed: 0 sec <<< FAILURE!
astdea.logic.Test_mapping.test_UdMappings()  Time elapsed: 0 sec  <<< FAILURE!
java.lang.NoClassDefFoundError: org/junit/Assert
	at astdea.logic.Test_mapping.test_UdMappings(Test_mapping.java:139)
Caused by: java.lang.ClassNotFoundException: org.junit.Assert
	at java.base/jdk.internal.loader.BuiltinClassLoader.loadClass(BuiltinClassLoader.java:641)
	at java.base/jdk.internal.loader.ClassLoaders$AppClassLoader.loadClass(ClassLoaders.java:188)
	at java.base/java.lang.ClassLoader.loadClass(ClassLoader.java:521)
	... 15 more

astdea.logic.Test_mapping.test_HdMappings()  Time elapsed: 0 sec  <<< FAILURE!
java.lang.NoClassDefFoundError: org/junit/Assert
	at astdea.logic.Test_mapping.test_HdMappings(Test_mapping.java:101)
Caused by: java.lang.ClassNotFoundException: org.junit.Assert
	... 15 more

astdea.logic.Test_mapping.test_CdMappings()  Time elapsed: 0 sec  <<< FAILURE!
java.lang.NoClassDefFoundError: org/junit/Assert
	at astdea.logic.Test_mapping.test_CdMappings(Test_mapping.java:39)
Caused by: java.lang.ClassNotFoundException: org.junit.Assert
	... 15 more

