<?xml version="1.0" encoding="UTF-8" ?>
<testsuite tests="4" failures="4" name="astdea.utils.Test_utils" time="0" errors="0" skipped="0">
  <properties>
[...]
</properties>
  <testcase classname="astdea.utils.Test_utils" name="astdea.utils.Test_utils.test_MathUtils_median" time="0">
    <failure message="Could not initialize class org.astdea.utils.MathUtils" type="java.lang.NoClassDefFoundError">java.lang.NoClassDefFoundError: Could not initialize class org.astdea.utils.MathUtils
	at astdea.utils.Test_utils.test_MathUtils_median(Test_utils.java:22)
Caused by: java.lang.ExceptionInInitializerError: Exception java.lang.NoClassDefFoundError: org/apache/commons/math3/stat/descriptive/rank/Percentile [in thread &quot;main&quot;]
	at org.astdea.utils.MathUtils.&lt;clinit&gt;(MathUtils.java:11)
	at org.astdea.data.smells.interversionsmells.TimeManager.calcAll(TimeManager.java:41)
	at org.astdea.data.smells.interversionsmells.TimeManager.&lt;init&gt;(TimeManager.java:30)
	at astdea.data.smells.Test_intraversionsmells.test_TimeManager(Test_intraversionsmells.java:23)
	... 14 more
</failure>
  </testcase>
  <testcase classname="astdea.utils.Test_utils" name="astdea.utils.Test_utils.test_mergeStringArrays" time="0">
    <failure message="org/junit/Assert" type="java.lang.NoClassDefFoundError">java.lang.NoClassDefFoundError: org/junit/Assert
	at astdea.utils.Test_utils.test_mergeStringArrays(Test_utils.java:80)
Caused by: java.lang.ClassNotFoundException: org.junit.Assert
	at java.base/jdk.internal.loader.BuiltinClassLoader.loadClass(BuiltinClassLoader.java:641)
	at java.base/jdk.internal.loader.ClassLoaders$AppClassLoader.loadClass(ClassLoaders.java:188)
	at java.base/java.lang.ClassLoader.loadClass(ClassLoader.java:521)
	... 15 more
</failure>
  </testcase>
  <testcase classname="astdea.utils.Test_utils" name="astdea.utils.Test_utils.test_MathUtils_SetOperations" time="0">
    <failure message="Could not initialize class org.astdea.utils.MathUtils" type="java.lang.NoClassDefFoundError">java.lang.NoClassDefFoundError: Could not initialize class org.astdea.utils.MathUtils
	at astdea.utils.Test_utils.test_MathUtils_SetOperations(Test_utils.java:40)
Caused by: java.lang.ExceptionInInitializerError: Exception java.lang.NoClassDefFoundError: org/apache/commons/math3/stat/descriptive/rank/Percentile [in thread &quot;main&quot;]
	at org.astdea.utils.MathUtils.&lt;clinit&gt;(MathUtils.java:11)
	at org.astdea.data.smells.interversionsmells.TimeManager.calcAll(TimeManager.java:41)
	at org.astdea.data.smells.interversionsmells.TimeManager.&lt;init&gt;(TimeManager.java:30)
	at astdea.data.smells.Test_intraversionsmells.test_TimeManager(Test_intraversionsmells.java:23)
	... 14 more
</failure>
  </testcase>
  <testcase classname="astdea.utils.Test_utils" name="astdea.utils.Test_utils.test_weightedHarmonicMeanOfTwo" time="0">
    <failure message="Could not initialize class org.astdea.utils.MathUtils" type="java.lang.NoClassDefFoundError">java.lang.NoClassDefFoundError: Could not initialize class org.astdea.utils.MathUtils
	at astdea.utils.Test_utils.test_weightedHarmonicMeanOfTwo(Test_utils.java:69)
Caused by: java.lang.ExceptionInInitializerError: Exception java.lang.NoClassDefFoundError: org/apache/commons/math3/stat/descriptive/rank/Percentile [in thread &quot;main&quot;]
	at org.astdea.utils.MathUtils.&lt;clinit&gt;(MathUtils.java:11)
	at org.astdea.data.smells.interversionsmells.TimeManager.calcAll(TimeManager.java:41)
	at org.astdea.data.smells.interversionsmells.TimeManager.&lt;init&gt;(TimeManager.java:30)
	at astdea.data.smells.Test_intraversionsmells.test_TimeManager(Test_intraversionsmells.java:23)
	... 14 more
</failure>
  </testcase>
</testsuite>