<?xml version="1.0" encoding="UTF-8" ?>
<testsuite tests="4" failures="4" name="astdea.utils.Test_utils" time="0" errors="0" skipped="0">
  <properties>
    <property name="java.runtime.name" value="Java(TM) SE Runtime Environment"/>
    <property name="java.vm.version" value="19.0.2+7-44"/>
    <property name="sun.boot.library.path" value="C:\Program Files\Java\jdk-19\bin"/>
    <property name="maven.multiModuleProjectDirectory" value="D:\Karriere\Master\Semester\4. Semester\Masterarbeit\Tools\AsTdEA"/>
    <property name="java.vm.vendor" value="Oracle Corporation"/>
    <property name="java.vendor.url" value="https://java.oracle.com/"/>
    <property name="guice.disable.misplaced.annotation.check" value="true"/>
    <property name="path.separator" value=";"/>
    <property name="java.vm.name" value="Java HotSpot(TM) 64-Bit Server VM"/>
    <property name="sun.os.patch.level" value=""/>
    <property name="user.script" value=""/>
    <property name="user.country" value="DE"/>
    <property name="sun.java.launcher" value="SUN_STANDARD"/>
    <property name="java.vm.specification.name" value="Java Virtual Machine Specification"/>
    <property name="user.dir" value="D:\Karriere\Master\Semester\4. Semester\Masterarbeit\Tools\AsTdEA"/>
    <property name="java.vm.compressedOopsMode" value="Zero based"/>
    <property name="java.runtime.version" value="19.0.2+7-44"/>
    <property name="os.arch" value="amd64"/>
    <property name="java.io.tmpdir" value="C:\Users\Admin\AppData\Local\Temp\"/>
    <property name="line.separator" value="
"/>
    <property name="java.vm.specification.vendor" value="Oracle Corporation"/>
    <property name="user.variant" value=""/>
    <property name="stderr.encoding" value="cp850"/>
    <property name="os.name" value="Windows 10"/>
    <property name="classworlds.conf" value="C:\MeineDaten\Software\Maven\apache-maven-3.8.7\bin\m2.conf"/>
    <property name="sun.jnu.encoding" value="Cp1252"/>
    <property name="stdout.encoding" value="cp850"/>
    <property name="java.library.path" value="C:\Program Files\Java\jdk-19\bin;C:\Windows\Sun\Java\bin;C:\Windows\system32;C:\Windows;C:\Program Files\Common Files\Oracle\Java\javapath;C:\Program Files (x86)\Common Files\Oracle\Java\javapath;C:\MeineDaten\Software\ImageMagick;C:\MeineDaten\Software\Python\Scripts\;C:\MeineDaten\Software\Python\;C:\Program Files\Java\jre1.8.0_361\bin;C:\Windows\system32;C:\Windows;C:\Windows\System32\Wbem;C:\Windows\System32\WindowsPowerShell\v1.0\;C:\Windows\System32\OpenSSH\;C:\Program Files (x86)\NVIDIA Corporation\PhysX\Common;C:\Program Files\NVIDIA Corporation\NVIDIA NvDLISR;C:\MeineDaten\Software\Git Bash\cmd;C:\Program Files (x86)\Windows Live\Shared;C:\MeineDaten\Software\MIKTex\miktex\bin\x64\;C:\MeineDaten\Software\WampServer\bin\php\php7.3.32;C:\MeineDaten\Software\Ffmpeg\bin;C:\Program Files\dotnet\;C:\MeineDaten\Software\Maven\apache-maven-3.8.7\bin;;C:\Program Files\Docker\Docker\resources\bin;C:\Users\Admin\AppData\Local\Microsoft\WindowsApps;C:\MeineDaten\Software\PyCharm\bin;;C:\MeineDaten\Software\VS Code\bin;C:\MeineDaten\Software\IntelliJ\bin;;C:\MeineDaten\Software\WampServer\bin\php\php7.3.32;C:\MeineDaten\Software\ImageMagick;;."/>
    <property name="maven.conf" value="C:\MeineDaten\Software\Maven\apache-maven-3.8.7/conf"/>
    <property name="jdk.debug" value="release"/>
    <property name="java.class.version" value="63.0"/>
    <property name="java.specification.name" value="Java Platform API Specification"/>
    <property name="sun.management.compiler" value="HotSpot 64-Bit Tiered Compilers"/>
    <property name="os.version" value="10.0"/>
    <property name="library.jansi.path" value="C:\MeineDaten\Software\Maven\apache-maven-3.8.7\lib\jansi-native"/>
    <property name="user.home" value="C:\Users\Admin"/>
    <property name="user.timezone" value="Europe/Berlin"/>
    <property name="file.encoding" value="UTF-8"/>
    <property name="java.specification.version" value="19"/>
    <property name="user.name" value="Philipp"/>
    <property name="java.class.path" value="C:\MeineDaten\Software\Maven\apache-maven-3.8.7\boot\plexus-classworlds-2.6.0.jar"/>
    <property name="java.vm.specification.version" value="19"/>
    <property name="sun.arch.data.model" value="64"/>
    <property name="sun.java.command" value="org.codehaus.plexus.classworlds.launcher.Launcher install"/>
    <property name="java.home" value="C:\Program Files\Java\jdk-19"/>
    <property name="user.language" value="de"/>
    <property name="java.specification.vendor" value="Oracle Corporation"/>
    <property name="java.vm.info" value="mixed mode, sharing"/>
    <property name="java.version" value="19.0.2"/>
    <property name="native.encoding" value="Cp1252"/>
    <property name="java.vendor" value="Oracle Corporation"/>
    <property name="maven.home" value="C:\MeineDaten\Software\Maven\apache-maven-3.8.7"/>
    <property name="file.separator" value="\"/>
    <property name="java.version.date" value="2023-01-17"/>
    <property name="java.vendor.url.bug" value="https://bugreport.java.com/bugreport/"/>
    <property name="sun.io.unicode.encoding" value="UnicodeLittle"/>
    <property name="sun.cpu.endian" value="little"/>
    <property name="sun.cpu.isalist" value="amd64"/>
  </properties>
  <testcase classname="astdea.utils.Test_utils" name="astdea.utils.Test_utils.test_MathUtils_median" time="0">
    <failure message="Could not initialize class org.astdea.utils.MathUtils" type="java.lang.NoClassDefFoundError">java.lang.NoClassDefFoundError: Could not initialize class org.astdea.utils.MathUtils
	at astdea.utils.Test_utils.test_MathUtils_median(Test_utils.java:22)
Caused by: java.lang.ExceptionInInitializerError: Exception java.lang.NoClassDefFoundError: org/apache/commons/math3/stat/descriptive/rank/Percentile [in thread &quot;main&quot;]
	at org.astdea.utils.MathUtils.&lt;clinit&gt;(MathUtils.java:11)
	at org.astdea.data.smells.interversionsmells.TimeManager.calcAll(TimeManager.java:41)
	at org.astdea.data.smells.interversionsmells.TimeManager.&lt;init&gt;(TimeManager.java:30)
	at astdea.data.smells.Test_intraversionsmells.test_TimeManager(Test_intraversionsmells.java:23)
	... 14 more
</failure>
  </testcase>
  <testcase classname="astdea.utils.Test_utils" name="astdea.utils.Test_utils.test_mergeStringArrays" time="0">
    <failure message="org/junit/Assert" type="java.lang.NoClassDefFoundError">java.lang.NoClassDefFoundError: org/junit/Assert
	at astdea.utils.Test_utils.test_mergeStringArrays(Test_utils.java:80)
Caused by: java.lang.ClassNotFoundException: org.junit.Assert
	at java.base/jdk.internal.loader.BuiltinClassLoader.loadClass(BuiltinClassLoader.java:641)
	at java.base/jdk.internal.loader.ClassLoaders$AppClassLoader.loadClass(ClassLoaders.java:188)
	at java.base/java.lang.ClassLoader.loadClass(ClassLoader.java:521)
	... 15 more
</failure>
  </testcase>
  <testcase classname="astdea.utils.Test_utils" name="astdea.utils.Test_utils.test_MathUtils_SetOperations" time="0">
    <failure message="Could not initialize class org.astdea.utils.MathUtils" type="java.lang.NoClassDefFoundError">java.lang.NoClassDefFoundError: Could not initialize class org.astdea.utils.MathUtils
	at astdea.utils.Test_utils.test_MathUtils_SetOperations(Test_utils.java:40)
Caused by: java.lang.ExceptionInInitializerError: Exception java.lang.NoClassDefFoundError: org/apache/commons/math3/stat/descriptive/rank/Percentile [in thread &quot;main&quot;]
	at org.astdea.utils.MathUtils.&lt;clinit&gt;(MathUtils.java:11)
	at org.astdea.data.smells.interversionsmells.TimeManager.calcAll(TimeManager.java:41)
	at org.astdea.data.smells.interversionsmells.TimeManager.&lt;init&gt;(TimeManager.java:30)
	at astdea.data.smells.Test_intraversionsmells.test_TimeManager(Test_intraversionsmells.java:23)
	... 14 more
</failure>
  </testcase>
  <testcase classname="astdea.utils.Test_utils" name="astdea.utils.Test_utils.test_weightedHarmonicMeanOfTwo" time="0">
    <failure message="Could not initialize class org.astdea.utils.MathUtils" type="java.lang.NoClassDefFoundError">java.lang.NoClassDefFoundError: Could not initialize class org.astdea.utils.MathUtils
	at astdea.utils.Test_utils.test_weightedHarmonicMeanOfTwo(Test_utils.java:69)
Caused by: java.lang.ExceptionInInitializerError: Exception java.lang.NoClassDefFoundError: org/apache/commons/math3/stat/descriptive/rank/Percentile [in thread &quot;main&quot;]
	at org.astdea.utils.MathUtils.&lt;clinit&gt;(MathUtils.java:11)
	at org.astdea.data.smells.interversionsmells.TimeManager.calcAll(TimeManager.java:41)
	at org.astdea.data.smells.interversionsmells.TimeManager.&lt;init&gt;(TimeManager.java:30)
	at astdea.data.smells.Test_intraversionsmells.test_TimeManager(Test_intraversionsmells.java:23)
	... 14 more
</failure>
  </testcase>
</testsuite>