<?xml version="1.0" encoding="UTF-8" ?>
<testsuite tests="3" failures="3" name="astdea.io.Test_input" time="0.012" errors="0" skipped="0">
  <properties>
[...]
</properties>
  <testcase classname="astdea.io.Test_input" name="astdea.io.Test_input.test_LocReader_retrieveLocs" time="0.004">
    <failure message="org/junit/Assert" type="java.lang.NoClassDefFoundError">java.lang.NoClassDefFoundError: org/junit/Assert
	at astdea.io.Test_input.test_LocReader_retrieveLocs(Test_input.java:79)
Caused by: java.lang.ClassNotFoundException: org.junit.Assert
	at java.base/jdk.internal.loader.BuiltinClassLoader.loadClass(BuiltinClassLoader.java:641)
	at java.base/jdk.internal.loader.ClassLoaders$AppClassLoader.loadClass(ClassLoaders.java:188)
	at java.base/java.lang.ClassLoader.loadClass(ClassLoader.java:521)
	... 15 more
</failure>
  </testcase>
  <testcase classname="astdea.io.Test_input" name="astdea.io.Test_input.test_FilenameComparator_compare" time="0.003">
    <failure message="org/apache/commons/lang3/math/NumberUtils" type="java.lang.NoClassDefFoundError">java.lang.NoClassDefFoundError: org/apache/commons/lang3/math/NumberUtils
	at org.astdea.io.input.FilenameComparator.compare(FilenameComparator.java:47)
	at org.astdea.io.input.FilenameComparator.compare(FilenameComparator.java:7)
	at java.base/java.util.TimSort.countRunAndMakeAscending(TimSort.java:355)
	at java.base/java.util.TimSort.sort(TimSort.java:220)
	at java.base/java.util.Arrays.sort(Arrays.java:1307)
	at java.base/java.util.ArrayList.sort(ArrayList.java:1721)
	at astdea.io.Test_input.test_FilenameComparator_compare(Test_input.java:112)
Caused by: java.lang.ClassNotFoundException: org.apache.commons.lang3.math.NumberUtils
	at java.base/jdk.internal.loader.BuiltinClassLoader.loadClass(BuiltinClassLoader.java:641)
	at java.base/jdk.internal.loader.ClassLoaders$AppClassLoader.loadClass(ClassLoaders.java:188)
	at java.base/java.lang.ClassLoader.loadClass(ClassLoader.java:521)
	... 21 more
</failure>
  </testcase>
  <testcase classname="astdea.io.Test_input" name="astdea.io.Test_input.test_DateReader_retrieveDates" time="0.005">
    <failure message="org/junit/Assert" type="java.lang.NoClassDefFoundError">java.lang.NoClassDefFoundError: org/junit/Assert
	at astdea.io.Test_input.test_DateReader_retrieveDates(Test_input.java:52)
Caused by: java.lang.ClassNotFoundException: org.junit.Assert
	... 15 more
</failure>
  </testcase>
</testsuite>